<?xml version="1.0" encoding="UTF-8"?>
<testng-results ignored="0" total="2" passed="2" failed="0" skipped="0">
  <reporter-output>
  </reporter-output>
  <suite started-at="2021-05-02T14:23:37 IDT" name="Suite" finished-at="2021-05-02T14:23:48 IDT" duration-ms="10609">
    <groups>
    </groups>
    <test started-at="2021-05-02T14:23:37 IDT" name="Test" finished-at="2021-05-02T14:23:43 IDT" duration-ms="6291">
      <class name="aaa.bbb.FinalProject.tests.TestCase1">
        <test-method is-config="true" signature="beforeClass()[pri:0, instance:aaa.bbb.FinalProject.tests.TestCase1@29647f75]" started-at="2021-05-02T14:23:37 IDT" name="beforeClass" finished-at="2021-05-02T14:23:37 IDT" duration-ms="9" status="PASS">
          <reporter-output>
          </reporter-output>
        </test-method> <!-- beforeClass -->
        <test-method is-config="true" signature="beforeMethod()[pri:0, instance:aaa.bbb.FinalProject.tests.TestCase1@29647f75]" started-at="2021-05-02T14:23:37 IDT" name="beforeMethod" finished-at="2021-05-02T14:23:41 IDT" duration-ms="3886" status="PASS">
          <reporter-output>
          </reporter-output>
        </test-method> <!-- beforeMethod -->
        <test-method signature="f()[pri:0, instance:aaa.bbb.FinalProject.tests.TestCase1@29647f75]" started-at="2021-05-02T14:23:41 IDT" name="f" finished-at="2021-05-02T14:23:42 IDT" duration-ms="1000" status="PASS">
          <reporter-output>
          </reporter-output>
        </test-method> <!-- f -->
        <test-method is-config="true" signature="afterMethod()[pri:0, instance:aaa.bbb.FinalProject.tests.TestCase1@29647f75]" started-at="2021-05-02T14:23:42 IDT" name="afterMethod" finished-at="2021-05-02T14:23:43 IDT" duration-ms="1326" status="PASS">
          <reporter-output>
          </reporter-output>
        </test-method> <!-- afterMethod -->
        <test-method is-config="true" signature="afterClass()[pri:0, instance:aaa.bbb.FinalProject.tests.TestCase1@29647f75]" started-at="2021-05-02T14:23:43 IDT" name="afterClass" finished-at="2021-05-02T14:23:43 IDT" duration-ms="1" status="PASS">
          <reporter-output>
          </reporter-output>
        </test-method> <!-- afterClass -->
      </class> <!-- aaa.bbb.FinalProject.tests.TestCase1 -->
    </test> <!-- Test -->
    <test started-at="2021-05-02T14:23:43 IDT" name="Test2" finished-at="2021-05-02T14:23:48 IDT" duration-ms="4273">
      <class name="aaa.bbb.FinalProject.tests.TestCase2">
        <test-method is-config="true" signature="beforeMethod()[pri:0, instance:aaa.bbb.FinalProject.tests.TestCase2@79da8dc5]" started-at="2021-05-02T14:23:43 IDT" name="beforeMethod" finished-at="2021-05-02T14:23:47 IDT" duration-ms="3433" status="PASS">
          <reporter-output>
          </reporter-output>
        </test-method> <!-- beforeMethod -->
        <test-method is-config="true" signature="beforeClass()[pri:0, instance:aaa.bbb.FinalProject.tests.TestCase2@79da8dc5]" started-at="2021-05-02T14:23:43 IDT" name="beforeClass" finished-at="2021-05-02T14:23:43 IDT" duration-ms="0" status="PASS">
          <reporter-output>
          </reporter-output>
        </test-method> <!-- beforeClass -->
        <test-method signature="f()[pri:0, instance:aaa.bbb.FinalProject.tests.TestCase2@79da8dc5]" started-at="2021-05-02T14:23:47 IDT" name="f" finished-at="2021-05-02T14:23:47 IDT" duration-ms="0" status="PASS">
          <reporter-output>
          </reporter-output>
        </test-method> <!-- f -->
        <test-method is-config="true" signature="afterMethod()[pri:0, instance:aaa.bbb.FinalProject.tests.TestCase2@79da8dc5]" started-at="2021-05-02T14:23:47 IDT" name="afterMethod" finished-at="2021-05-02T14:23:48 IDT" duration-ms="836" status="PASS">
          <reporter-output>
          </reporter-output>
        </test-method> <!-- afterMethod -->
        <test-method is-config="true" signature="afterClass()[pri:0, instance:aaa.bbb.FinalProject.tests.TestCase2@79da8dc5]" started-at="2021-05-02T14:23:48 IDT" name="afterClass" finished-at="2021-05-02T14:23:48 IDT" duration-ms="0" status="PASS">
          <reporter-output>
          </reporter-output>
        </test-method> <!-- afterClass -->
      </class> <!-- aaa.bbb.FinalProject.tests.TestCase2 -->
    </test> <!-- Test2 -->
  </suite> <!-- Suite -->
</testng-results>
